<?xml version="1.0" encoding="UTF-8"?>
<!-- Generated by org.testng.reporters.JUnitReportReporter -->
<testsuite skipped="0" hostname="ICare-Asif" name="BaseTest" tests="1" failures="0" timestamp="28 Feb 2019 17:57:23 GMT" time="1.229" errors="0">
  <testcase name="getTitle" time="1.229" classname="BaseTest"/>
</testsuite> <!-- BaseTest -->
